[2025-10-23T18:36:31.455Z] [INFO] [SERVER] Iniciando servidor...
[2025-10-23T18:36:31.466Z] [INFO] [DATABASE] Ejecutando seed de datos predeterminados...
[2025-10-23T18:36:31.727Z] [SUCCESS] [DATABASE] Seed completado exitosamente
[2025-10-24T00:45:23.692Z] [INFO] [SERVER] Iniciando servidor...
[2025-10-24T00:45:23.705Z] [INFO] [DATABASE] Ejecutando seed de datos predeterminados...
[2025-10-24T00:46:43.542Z] [INFO] [SERVER] Iniciando servidor...
[2025-10-24T00:46:43.581Z] [INFO] [DATABASE] Ejecutando seed de datos predeterminados...
[2025-10-24T00:46:47.162Z] [SUCCESS] [DATABASE] Seed completado exitosamente
[2025-10-24T00:46:47.185Z] [SUCCESS] [SERVER] Servidor corriendo en puerto 3000
[2025-10-24T00:46:47.197Z] [INFO] [SERVER] Modo: production
[2025-10-24T00:46:47.231Z] [INFO] [SERVER] Endpoint de email disponible en: http://localhost:3000/api/send-ticket-email
[2025-10-24T00:50:51.176Z] [INFO] [SERVER] Iniciando servidor...
[2025-10-24T00:50:51.186Z] [INFO] [DATABASE] Ejecutando seed de datos predeterminados...
[2025-10-24T00:50:51.437Z] [SUCCESS] [DATABASE] Seed completado exitosamente
[2025-10-24T00:50:51.457Z] [SUCCESS] [SERVER] Servidor corriendo en puerto 3000
[2025-10-24T00:50:51.463Z] [INFO] [SERVER] Modo: production
[2025-10-24T00:50:51.479Z] [INFO] [SERVER] Endpoint de email disponible en: http://localhost:3000/api/send-ticket-email
[2025-10-24T01:21:06.651Z] [INFO] [SERVER] Iniciando servidor...
[2025-10-24T01:21:06.658Z] [INFO] [DATABASE] Ejecutando seed de datos predeterminados...
[2025-10-24T01:21:07.064Z] [SUCCESS] [DATABASE] Seed completado exitosamente
[2025-10-24T01:21:07.090Z] [SUCCESS] [SERVER] Servidor corriendo en puerto 3000
[2025-10-24T01:21:07.108Z] [INFO] [SERVER] Modo: production
[2025-10-24T01:21:07.131Z] [INFO] [SERVER] Endpoint de email disponible en: http://localhost:3000/api/send-ticket-email
[2025-10-24T01:46:48.553Z] [INFO] [SERVER] Iniciando servidor...
[2025-10-24T01:46:48.562Z] [INFO] [DATABASE] Ejecutando seed de datos predeterminados...
[2025-10-24T01:46:49.075Z] [SUCCESS] [DATABASE] Seed completado exitosamente
[2025-10-24T01:46:49.085Z] [SUCCESS] [SERVER] Servidor corriendo en puerto 3000
[2025-10-24T01:46:49.096Z] [INFO] [SERVER] Modo: production
[2025-10-24T01:46:49.117Z] [INFO] [SERVER] Endpoint de email disponible en: http://localhost:3000/api/send-ticket-email
[2025-10-24T01:51:49.464Z] [INFO] [SERVER] Iniciando servidor...
[2025-10-24T01:51:49.470Z] [INFO] [DATABASE] Ejecutando seed de datos predeterminados...
[2025-10-24T01:51:49.737Z] [SUCCESS] [DATABASE] Seed completado exitosamente
[2025-10-24T01:51:49.749Z] [SUCCESS] [SERVER] Servidor corriendo en puerto 3000
[2025-10-24T01:51:49.757Z] [INFO] [SERVER] Modo: production
[2025-10-24T01:51:49.774Z] [INFO] [SERVER] Endpoint de email disponible en: http://localhost:3000/api/send-ticket-email
[2025-10-24T22:39:44.899Z] [INFO] [SERVER] Iniciando servidor...
[2025-10-24T22:39:44.944Z] [INFO] [DATABASE] Ejecutando seed de datos predeterminados...
[2025-10-24T22:39:48.467Z] [SUCCESS] [DATABASE] Seed completado exitosamente
[2025-10-24T22:39:48.483Z] [SUCCESS] [SERVER] Servidor corriendo en puerto 3000
[2025-10-24T22:39:48.502Z] [INFO] [SERVER] Modo: production
[2025-10-24T22:39:48.527Z] [INFO] [SERVER] Endpoint de email disponible en: http://localhost:3000/api/send-ticket-email
[2025-10-24T22:56:57.484Z] [INFO] [SERVER] Iniciando servidor...
[2025-10-24T22:56:57.723Z] [INFO] [DATABASE] Ejecutando seed de datos predeterminados...
[2025-10-24T22:57:05.176Z] [SUCCESS] [DATABASE] Seed completado exitosamente
[2025-10-24T22:57:05.189Z] [SUCCESS] [SERVER] Servidor corriendo en puerto 3000
[2025-10-24T22:57:05.207Z] [INFO] [SERVER] Modo: production
[2025-10-24T22:57:05.231Z] [INFO] [SERVER] Endpoint de email disponible en: http://localhost:3000/api/send-ticket-email
[2025-10-24T23:13:23.908Z] [INFO] [SERVER] Iniciando servidor...
[2025-10-24T23:13:23.915Z] [INFO] [DATABASE] Ejecutando seed de datos predeterminados...
[2025-10-24T23:13:24.113Z] [SUCCESS] [DATABASE] Seed completado exitosamente
[2025-10-24T23:13:24.123Z] [SUCCESS] [SERVER] Servidor corriendo en puerto 3000
[2025-10-24T23:13:24.137Z] [INFO] [SERVER] Modo: production
[2025-10-24T23:13:24.159Z] [INFO] [SERVER] Endpoint de email disponible en: http://localhost:3000/api/send-ticket-email
[2025-10-24T23:14:55.461Z] [INFO] [SERVER] Iniciando servidor...
[2025-10-24T23:14:55.465Z] [INFO] [DATABASE] Ejecutando seed de datos predeterminados...
[2025-10-24T23:14:55.637Z] [SUCCESS] [DATABASE] Seed completado exitosamente
[2025-10-24T23:14:55.650Z] [SUCCESS] [SERVER] Servidor corriendo en puerto 3000
[2025-10-24T23:14:55.662Z] [INFO] [SERVER] Modo: production
[2025-10-24T23:14:55.683Z] [INFO] [SERVER] Endpoint de email disponible en: http://localhost:3000/api/send-ticket-email
[2025-10-24T23:16:08.985Z] [INFO] [SERVER] Iniciando servidor...
[2025-10-24T23:16:08.999Z] [INFO] [DATABASE] Ejecutando seed de datos predeterminados...
[2025-10-24T23:16:09.180Z] [SUCCESS] [DATABASE] Seed completado exitosamente
[2025-10-24T23:16:09.191Z] [SUCCESS] [SERVER] Servidor corriendo en puerto 3000
[2025-10-24T23:16:09.206Z] [INFO] [SERVER] Modo: production
[2025-10-24T23:16:09.224Z] [INFO] [SERVER] Endpoint de email disponible en: http://localhost:3000/api/send-ticket-email
[2025-10-24T23:34:22.770Z] [INFO] [SERVER] Iniciando servidor...
[2025-10-24T23:34:22.816Z] [INFO] [DATABASE] Ejecutando seed de datos predeterminados...
[2025-10-24T23:34:26.487Z] [SUCCESS] [DATABASE] Seed completado exitosamente
[2025-10-24T23:34:26.508Z] [SUCCESS] [SERVER] Servidor corriendo en puerto 3000
[2025-10-24T23:34:26.527Z] [INFO] [SERVER] Modo: production
[2025-10-24T23:34:26.553Z] [INFO] [SERVER] Endpoint de email disponible en: http://localhost:3000/api/send-ticket-email
[2025-10-24T23:36:45.447Z] [INFO] [SERVER] Iniciando servidor...
[2025-10-24T23:36:45.452Z] [INFO] [DATABASE] Ejecutando seed de datos predeterminados...
[2025-10-24T23:36:45.696Z] [SUCCESS] [DATABASE] Seed completado exitosamente
[2025-10-24T23:36:45.714Z] [SUCCESS] [SERVER] Servidor corriendo en puerto 3000
[2025-10-24T23:36:45.726Z] [INFO] [SERVER] Modo: production
[2025-10-24T23:36:45.748Z] [INFO] [SERVER] Endpoint de email disponible en: http://localhost:3000/api/send-ticket-email
[2025-10-25T00:51:43.702Z] [INFO] [SERVER] Iniciando servidor...
[2025-10-25T00:51:43.730Z] [INFO] [DATABASE] Ejecutando seed de datos predeterminados...
[2025-10-25T00:51:47.027Z] [SUCCESS] [DATABASE] Seed completado exitosamente
[2025-10-25T00:51:47.036Z] [SUCCESS] [SERVER] Servidor corriendo en puerto 3000
[2025-10-25T00:51:47.052Z] [INFO] [SERVER] Modo: production
[2025-10-25T00:51:47.071Z] [INFO] [SERVER] Endpoint de email disponible en: http://localhost:3000/api/send-ticket-email
[2025-10-25T01:12:39.308Z] [INFO] [SERVER] Iniciando servidor...
[2025-10-25T01:12:39.317Z] [INFO] [DATABASE] Ejecutando seed de datos predeterminados...
[2025-10-25T01:12:39.523Z] [SUCCESS] [DATABASE] Seed completado exitosamente
[2025-10-25T01:12:39.535Z] [SUCCESS] [SERVER] Servidor corriendo en puerto 3000
[2025-10-25T01:12:39.549Z] [INFO] [SERVER] Modo: production
[2025-10-25T01:12:39.566Z] [INFO] [SERVER] Endpoint de email disponible en: http://localhost:3000/api/send-ticket-email
[2025-10-25T01:24:43.397Z] [INFO] [SERVER] Iniciando servidor...
[2025-10-25T01:24:43.424Z] [INFO] [DATABASE] Ejecutando seed de datos predeterminados...
[2025-10-25T01:24:46.670Z] [SUCCESS] [DATABASE] Seed completado exitosamente
[2025-10-25T01:24:46.680Z] [SUCCESS] [SERVER] Servidor corriendo en puerto 3000
[2025-10-25T01:24:46.697Z] [INFO] [SERVER] Modo: production
[2025-10-25T01:24:46.715Z] [INFO] [SERVER] Endpoint de email disponible en: http://localhost:3000/api/send-ticket-email
[2025-10-25T11:05:43.215Z] [INFO] [SERVER] Iniciando servidor...
[2025-10-25T11:05:43.250Z] [INFO] [DATABASE] Ejecutando seed de datos predeterminados...
[2025-10-25T11:05:46.674Z] [SUCCESS] [DATABASE] Seed completado exitosamente
[2025-10-25T11:05:46.693Z] [SUCCESS] [SERVER] Servidor corriendo en puerto 3000
[2025-10-25T11:05:46.718Z] [INFO] [SERVER] Modo: production
[2025-10-25T11:05:46.747Z] [INFO] [SERVER] Endpoint de email disponible en: http://localhost:3000/api/send-ticket-email
[2025-10-25T11:06:07.954Z] [INFO] [SERVER] Iniciando servidor...
[2025-10-25T11:06:07.959Z] [INFO] [DATABASE] Ejecutando seed de datos predeterminados...
[2025-10-25T11:06:11.330Z] [SUCCESS] [DATABASE] Seed completado exitosamente
[2025-10-25T11:06:11.345Z] [SUCCESS] [SERVER] Servidor corriendo en puerto 3000
[2025-10-25T11:06:11.369Z] [INFO] [SERVER] Modo: production
[2025-10-25T11:06:11.416Z] [INFO] [SERVER] Endpoint de email disponible en: http://localhost:3000/api/send-ticket-email
[2025-10-25T11:07:19.486Z] [INFO] [SERVER] Iniciando servidor...
[2025-10-25T11:07:19.491Z] [INFO] [DATABASE] Ejecutando seed de datos predeterminados...
[2025-10-25T11:07:22.805Z] [SUCCESS] [DATABASE] Seed completado exitosamente
[2025-10-25T11:07:22.828Z] [SUCCESS] [SERVER] Servidor corriendo en puerto 3000
[2025-10-25T11:07:22.848Z] [INFO] [SERVER] Modo: production
[2025-10-25T11:07:22.897Z] [INFO] [SERVER] Endpoint de email disponible en: http://localhost:3000/api/send-ticket-email
[2025-10-25T11:08:06.954Z] [INFO] [SERVER] Iniciando servidor...
[2025-10-25T11:08:06.963Z] [INFO] [DATABASE] Ejecutando seed de datos predeterminados...
[2025-10-25T11:08:10.345Z] [SUCCESS] [DATABASE] Seed completado exitosamente
[2025-10-25T11:08:10.382Z] [SUCCESS] [SERVER] Servidor corriendo en puerto 3000
[2025-10-25T11:08:10.460Z] [INFO] [SERVER] Modo: production
[2025-10-25T11:08:10.502Z] [INFO] [SERVER] Endpoint de email disponible en: http://localhost:3000/api/send-ticket-email
[2025-10-25T11:23:59.272Z] [INFO] [SERVER] Iniciando servidor...
[2025-10-25T11:23:59.278Z] [INFO] [DATABASE] Ejecutando seed de datos predeterminados...
[2025-10-25T11:23:59.417Z] [SUCCESS] [DATABASE] Seed completado exitosamente
[2025-10-25T11:23:59.424Z] [SUCCESS] [SERVER] Servidor corriendo en puerto 3000
[2025-10-25T11:23:59.438Z] [INFO] [SERVER] Modo: production
[2025-10-25T11:23:59.456Z] [INFO] [SERVER] Endpoint de email disponible en: http://localhost:3000/api/send-ticket-email
[2025-10-25T11:27:57.043Z] [INFO] [SERVER] Iniciando servidor...
[2025-10-25T11:27:57.057Z] [INFO] [DATABASE] Ejecutando seed de datos predeterminados...
[2025-10-25T11:27:57.193Z] [SUCCESS] [DATABASE] Seed completado exitosamente
[2025-10-25T11:27:57.201Z] [SUCCESS] [SERVER] Servidor corriendo en puerto 3000
[2025-10-25T11:27:57.212Z] [INFO] [SERVER] Modo: production
[2025-10-25T11:27:57.230Z] [INFO] [SERVER] Endpoint de email disponible en: http://localhost:3000/api/send-ticket-email
[2025-10-25T11:32:55.664Z] [INFO] [SERVER] Iniciando servidor...
[2025-10-25T11:32:55.670Z] [INFO] [DATABASE] Ejecutando seed de datos predeterminados...
[2025-10-25T11:32:55.813Z] [SUCCESS] [DATABASE] Seed completado exitosamente
[2025-10-25T11:32:55.821Z] [SUCCESS] [SERVER] Servidor corriendo en puerto 3000
[2025-10-25T11:32:55.835Z] [INFO] [SERVER] Modo: production
[2025-10-25T11:32:55.852Z] [INFO] [SERVER] Endpoint de email disponible en: http://localhost:3000/api/send-ticket-email
[2025-10-25T11:40:13.152Z] [INFO] [SERVER] Iniciando servidor...
[2025-10-25T11:40:13.162Z] [INFO] [DATABASE] Ejecutando seed de datos predeterminados...
[2025-10-25T11:40:13.342Z] [SUCCESS] [DATABASE] Seed completado exitosamente
[2025-10-25T11:40:13.351Z] [SUCCESS] [SERVER] Servidor corriendo en puerto 3000
[2025-10-25T11:40:13.364Z] [INFO] [SERVER] Modo: production
[2025-10-25T11:40:13.381Z] [INFO] [SERVER] Endpoint de email disponible en: http://localhost:3000/api/send-ticket-email
[2025-10-25T12:47:31.600Z] [INFO] [SERVER] Iniciando servidor...
[2025-10-25T12:47:31.637Z] [INFO] [DATABASE] Ejecutando seed de datos predeterminados...
[2025-10-25T12:47:32.470Z] [SUCCESS] [DATABASE] Seed completado exitosamente
[2025-10-25T12:47:32.529Z] [SUCCESS] [SERVER] Servidor corriendo en puerto 3000
[2025-10-25T12:47:32.592Z] [INFO] [SERVER] Modo: production
[2025-10-25T12:47:32.627Z] [INFO] [SERVER] Endpoint de email disponible en: http://localhost:3000/api/send-ticket-email
[2025-10-25T23:17:23.924Z] [INFO] [SERVER] Iniciando servidor...
[2025-10-25T23:17:23.956Z] [INFO] [DATABASE] Ejecutando seed de datos predeterminados...
[2025-10-25T23:17:27.393Z] [SUCCESS] [DATABASE] Seed completado exitosamente
[2025-10-25T23:17:27.418Z] [SUCCESS] [SERVER] Servidor corriendo en puerto 3000
[2025-10-25T23:17:27.452Z] [INFO] [SERVER] Modo: production
[2025-10-25T23:17:27.497Z] [INFO] [SERVER] Endpoint de email disponible en: http://localhost:3000/api/send-ticket-email
