[2025-10-23T18:36:31.466Z] [INFO] [DATABASE] Ejecutando seed de datos predeterminados...
[2025-10-23T18:36:31.727Z] [SUCCESS] [DATABASE] Seed completado exitosamente
[2025-10-24T00:45:23.705Z] [INFO] [DATABASE] Ejecutando seed de datos predeterminados...
[2025-10-24T00:46:43.581Z] [INFO] [DATABASE] Ejecutando seed de datos predeterminados...
[2025-10-24T00:46:47.162Z] [SUCCESS] [DATABASE] Seed completado exitosamente
[2025-10-24T00:50:51.186Z] [INFO] [DATABASE] Ejecutando seed de datos predeterminados...
[2025-10-24T00:50:51.437Z] [SUCCESS] [DATABASE] Seed completado exitosamente
[2025-10-24T01:21:06.658Z] [INFO] [DATABASE] Ejecutando seed de datos predeterminados...
[2025-10-24T01:21:07.064Z] [SUCCESS] [DATABASE] Seed completado exitosamente
[2025-10-24T01:46:48.562Z] [INFO] [DATABASE] Ejecutando seed de datos predeterminados...
[2025-10-24T01:46:49.075Z] [SUCCESS] [DATABASE] Seed completado exitosamente
[2025-10-24T01:51:49.470Z] [INFO] [DATABASE] Ejecutando seed de datos predeterminados...
[2025-10-24T01:51:49.737Z] [SUCCESS] [DATABASE] Seed completado exitosamente
[2025-10-24T22:39:44.944Z] [INFO] [DATABASE] Ejecutando seed de datos predeterminados...
[2025-10-24T22:39:48.467Z] [SUCCESS] [DATABASE] Seed completado exitosamente
[2025-10-24T22:56:57.723Z] [INFO] [DATABASE] Ejecutando seed de datos predeterminados...
[2025-10-24T22:57:05.176Z] [SUCCESS] [DATABASE] Seed completado exitosamente
[2025-10-24T23:13:23.915Z] [INFO] [DATABASE] Ejecutando seed de datos predeterminados...
[2025-10-24T23:13:24.113Z] [SUCCESS] [DATABASE] Seed completado exitosamente
[2025-10-24T23:14:55.465Z] [INFO] [DATABASE] Ejecutando seed de datos predeterminados...
[2025-10-24T23:14:55.637Z] [SUCCESS] [DATABASE] Seed completado exitosamente
[2025-10-24T23:16:08.999Z] [INFO] [DATABASE] Ejecutando seed de datos predeterminados...
[2025-10-24T23:16:09.180Z] [SUCCESS] [DATABASE] Seed completado exitosamente
[2025-10-24T23:34:22.816Z] [INFO] [DATABASE] Ejecutando seed de datos predeterminados...
[2025-10-24T23:34:26.487Z] [SUCCESS] [DATABASE] Seed completado exitosamente
[2025-10-24T23:36:45.452Z] [INFO] [DATABASE] Ejecutando seed de datos predeterminados...
[2025-10-24T23:36:45.696Z] [SUCCESS] [DATABASE] Seed completado exitosamente
[2025-10-25T00:51:43.730Z] [INFO] [DATABASE] Ejecutando seed de datos predeterminados...
[2025-10-25T00:51:47.027Z] [SUCCESS] [DATABASE] Seed completado exitosamente
[2025-10-25T01:12:39.317Z] [INFO] [DATABASE] Ejecutando seed de datos predeterminados...
[2025-10-25T01:12:39.523Z] [SUCCESS] [DATABASE] Seed completado exitosamente
[2025-10-25T01:24:43.424Z] [INFO] [DATABASE] Ejecutando seed de datos predeterminados...
[2025-10-25T01:24:46.670Z] [SUCCESS] [DATABASE] Seed completado exitosamente
[2025-10-25T11:05:43.250Z] [INFO] [DATABASE] Ejecutando seed de datos predeterminados...
[2025-10-25T11:05:46.674Z] [SUCCESS] [DATABASE] Seed completado exitosamente
[2025-10-25T11:06:07.959Z] [INFO] [DATABASE] Ejecutando seed de datos predeterminados...
[2025-10-25T11:06:11.330Z] [SUCCESS] [DATABASE] Seed completado exitosamente
[2025-10-25T11:07:19.491Z] [INFO] [DATABASE] Ejecutando seed de datos predeterminados...
[2025-10-25T11:07:22.805Z] [SUCCESS] [DATABASE] Seed completado exitosamente
[2025-10-25T11:08:06.963Z] [INFO] [DATABASE] Ejecutando seed de datos predeterminados...
[2025-10-25T11:08:10.345Z] [SUCCESS] [DATABASE] Seed completado exitosamente
[2025-10-25T11:23:59.278Z] [INFO] [DATABASE] Ejecutando seed de datos predeterminados...
[2025-10-25T11:23:59.417Z] [SUCCESS] [DATABASE] Seed completado exitosamente
[2025-10-25T11:27:57.057Z] [INFO] [DATABASE] Ejecutando seed de datos predeterminados...
[2025-10-25T11:27:57.193Z] [SUCCESS] [DATABASE] Seed completado exitosamente
[2025-10-25T11:32:55.670Z] [INFO] [DATABASE] Ejecutando seed de datos predeterminados...
[2025-10-25T11:32:55.813Z] [SUCCESS] [DATABASE] Seed completado exitosamente
[2025-10-25T11:40:13.162Z] [INFO] [DATABASE] Ejecutando seed de datos predeterminados...
[2025-10-25T11:40:13.342Z] [SUCCESS] [DATABASE] Seed completado exitosamente
[2025-10-25T12:47:31.637Z] [INFO] [DATABASE] Ejecutando seed de datos predeterminados...
[2025-10-25T12:47:32.470Z] [SUCCESS] [DATABASE] Seed completado exitosamente
[2025-10-25T23:17:23.956Z] [INFO] [DATABASE] Ejecutando seed de datos predeterminados...
[2025-10-25T23:17:27.393Z] [SUCCESS] [DATABASE] Seed completado exitosamente
[2025-10-26T00:07:40.709Z] [INFO] [DATABASE] Ejecutando seed de datos predeterminados...
[2025-10-26T00:07:41.286Z] [SUCCESS] [DATABASE] Seed completado exitosamente
[2025-10-26T00:08:33.560Z] [INFO] [DATABASE] Ejecutando seed de datos predeterminados...
[2025-10-26T00:09:01.027Z] [ERROR] [DATABASE] Error en base de datos o seed:
{
  "message": "Access denied for user 'root'@'localhost' (using password: NO)",
  "stack": "SequelizeAccessDeniedError: Access denied for user 'root'@'localhost' (using password: NO)\n    at ConnectionManager.connect (c:\\Users\\fesal\\ingenieriaSoftware-Boleteria-main\\ingenieriaSoftware-Boleteria-main\\backend\\node_modules\\sequelize\\lib\\dialects\\mysql\\connection-manager.js:94:17)\n    at process.processTicksAndRejections (node:internal/process/task_queues:105:5)\n    at async ConnectionManager._connect (c:\\Users\\fesal\\ingenieriaSoftware-Boleteria-main\\ingenieriaSoftware-Boleteria-main\\backend\\node_modules\\sequelize\\lib\\dialects\\abstract\\connection-manager.js:222:24)\n    at async c:\\Users\\fesal\\ingenieriaSoftware-Boleteria-main\\ingenieriaSoftware-Boleteria-main\\backend\\node_modules\\sequelize\\lib\\dialects\\abstract\\connection-manager.js:174:32\n    at async ConnectionManager.getConnection (c:\\Users\\fesal\\ingenieriaSoftware-Boleteria-main\\ingenieriaSoftware-Boleteria-main\\backend\\node_modules\\sequelize\\lib\\dialects\\abstract\\connection-manager.js:197:7)\n    at async c:\\Users\\fesal\\ingenieriaSoftware-Boleteria-main\\ingenieriaSoftware-Boleteria-main\\backend\\node_modules\\sequelize\\lib\\sequelize.js:305:26\n    at async Sequelize.authenticate (c:\\Users\\fesal\\ingenieriaSoftware-Boleteria-main\\ingenieriaSoftware-Boleteria-main\\backend\\node_modules\\sequelize\\lib\\sequelize.js:457:5)\n    at async seedDatabase (file:///c:/Users/fesal/ingenieriaSoftware-Boleteria-main/ingenieriaSoftware-Boleteria-main/backend/src/config/seed.js:15:9)\n    at async startServer (file:///c:/Users/fesal/ingenieriaSoftware-Boleteria-main/ingenieriaSoftware-Boleteria-main/backend/server.js:151:7)",
  "name": "SequelizeAccessDeniedError"
}
[2025-10-26T00:09:01.031Z] [WARN] [DATABASE] El servidor continuará sin datos iniciales
